Analysis & Synthesis report for PC_Register_BeachWilliam
Mon Dec 05 23:37:54 2022
Quartus II Version 9.1 Build 350 03/24/2010 Service Pack 2 SJ Web Edition


---------------------
; Table of Contents ;
---------------------
  1. Legal Notice
  2. Analysis & Synthesis Summary
  3. Analysis & Synthesis Settings
  4. Analysis & Synthesis Source Files Read
  5. Analysis & Synthesis Resource Usage Summary
  6. Analysis & Synthesis Resource Utilization by Entity
  7. Source assignments for lpm_counter:Q_rtl_0
  8. Source assignments for lpm_counter:Q_rtl_0|lpm_add_sub:add_sub|addcore:adder[1]
  9. Source assignments for lpm_counter:Q_rtl_0|lpm_add_sub:add_sub|addcore:adder[0]
 10. Parameter Settings for Inferred Entity Instance: lpm_counter:Q_rtl_0
 11. Analysis & Synthesis Messages



----------------
; Legal Notice ;
----------------
Copyright (C) 1991-2010 Altera Corporation
Your use of Altera Corporation's design tools, logic functions 
and other software and tools, and its AMPP partner logic 
functions, and any output files from any of the foregoing 
(including device programming or simulation files), and any 
associated documentation or information are expressly subject 
to the terms and conditions of the Altera Program License 
Subscription Agreement, Altera MegaCore Function License 
Agreement, or other applicable license agreement, including, 
without limitation, that your use is for the sole purpose of 
programming logic devices manufactured by Altera and sold by 
Altera or its authorized distributors.  Please refer to the 
applicable agreement for further details.



+----------------------------------------------------------------------------+
; Analysis & Synthesis Summary                                               ;
+-----------------------------+----------------------------------------------+
; Analysis & Synthesis Status ; Successful - Mon Dec 05 23:37:54 2022        ;
; Quartus II Version          ; 9.1 Build 350 03/24/2010 SP 2 SJ Web Edition ;
; Revision Name               ; PC_Register_BeachWilliam                     ;
; Top-level Entity Name       ; PC_Register_BeachWilliam                     ;
; Family                      ; MAX3000A                                     ;
; Total macrocells            ; 16                                           ;
; Total pins                  ; 36                                           ;
+-----------------------------+----------------------------------------------+


+----------------------------------------------------------------------------------------------------------------------------------+
; Analysis & Synthesis Settings                                                                                                    ;
+----------------------------------------------------------------------------+--------------------------+--------------------------+
; Option                                                                     ; Setting                  ; Default Value            ;
+----------------------------------------------------------------------------+--------------------------+--------------------------+
; Device                                                                     ; EPM3128ATI100-10         ;                          ;
; Top-level entity name                                                      ; PC_Register_BeachWilliam ; PC_Register_BeachWilliam ;
; Family name                                                                ; MAX3000A                 ; Stratix II               ;
; Use Generated Physical Constraints File                                    ; Off                      ;                          ;
; Use smart compilation                                                      ; Off                      ; Off                      ;
; Enable parallel Assembler and TimeQuest Timing Analyzer during compilation ; On                       ; On                       ;
; Enable compact report table                                                ; Off                      ; Off                      ;
; Create Debugging Nodes for IP Cores                                        ; Off                      ; Off                      ;
; Preserve fewer node names                                                  ; On                       ; On                       ;
; Disable OpenCore Plus hardware evaluation                                  ; Off                      ; Off                      ;
; Verilog Version                                                            ; Verilog_2001             ; Verilog_2001             ;
; VHDL Version                                                               ; VHDL_1993                ; VHDL_1993                ;
; State Machine Processing                                                   ; Auto                     ; Auto                     ;
; Safe State Machine                                                         ; Off                      ; Off                      ;
; Extract Verilog State Machines                                             ; On                       ; On                       ;
; Extract VHDL State Machines                                                ; On                       ; On                       ;
; Ignore Verilog initial constructs                                          ; Off                      ; Off                      ;
; Iteration limit for constant Verilog loops                                 ; 5000                     ; 5000                     ;
; Iteration limit for non-constant Verilog loops                             ; 250                      ; 250                      ;
; Add Pass-Through Logic to Inferred RAMs                                    ; On                       ; On                       ;
; Parallel Synthesis                                                         ; On                       ; On                       ;
; NOT Gate Push-Back                                                         ; On                       ; On                       ;
; Power-Up Don't Care                                                        ; On                       ; On                       ;
; Remove Duplicate Registers                                                 ; On                       ; On                       ;
; Ignore CARRY Buffers                                                       ; Off                      ; Off                      ;
; Ignore CASCADE Buffers                                                     ; Off                      ; Off                      ;
; Ignore GLOBAL Buffers                                                      ; Off                      ; Off                      ;
; Ignore ROW GLOBAL Buffers                                                  ; Off                      ; Off                      ;
; Ignore LCELL Buffers                                                       ; Auto                     ; Auto                     ;
; Ignore SOFT Buffers                                                        ; Off                      ; Off                      ;
; Limit AHDL Integers to 32 Bits                                             ; Off                      ; Off                      ;
; Optimization Technique                                                     ; Speed                    ; Speed                    ;
; Allow XOR Gate Usage                                                       ; On                       ; On                       ;
; Auto Logic Cell Insertion                                                  ; On                       ; On                       ;
; Parallel Expander Chain Length                                             ; 4                        ; 4                        ;
; Auto Parallel Expanders                                                    ; On                       ; On                       ;
; Auto Open-Drain Pins                                                       ; On                       ; On                       ;
; Auto Resource Sharing                                                      ; Off                      ; Off                      ;
; Maximum Fan-in Per Macrocell                                               ; 100                      ; 100                      ;
; Use LogicLock Constraints during Resource Balancing                        ; On                       ; On                       ;
; Ignore translate_off and synthesis_off directives                          ; Off                      ; Off                      ;
; Show Parameter Settings Tables in Synthesis Report                         ; On                       ; On                       ;
; HDL message level                                                          ; Level2                   ; Level2                   ;
; Suppress Register Optimization Related Messages                            ; Off                      ; Off                      ;
; Number of Removed Registers Reported in Synthesis Report                   ; 5000                     ; 5000                     ;
; Number of Inverted Registers Reported in Synthesis Report                  ; 100                      ; 100                      ;
; Block Design Naming                                                        ; Auto                     ; Auto                     ;
; Synthesis Effort                                                           ; Auto                     ; Auto                     ;
; Shift Register Replacement - Allow Asynchronous Clear Signal               ; On                       ; On                       ;
; Analysis & Synthesis Message Level                                         ; Medium                   ; Medium                   ;
; Disable Register Merging Across Hierarchies                                ; Auto                     ; Auto                     ;
+----------------------------------------------------------------------------+--------------------------+--------------------------+


+-----------------------------------------------------------------------------------------------------------------------------------------+
; Analysis & Synthesis Source Files Read                                                                                                  ;
+----------------------------------+-----------------+-----------------+------------------------------------------------------------------+
; File Name with User-Entered Path ; Used in Netlist ; File Type       ; File Name with Absolute Path                                     ;
+----------------------------------+-----------------+-----------------+------------------------------------------------------------------+
; PC_Register_BeachWilliam.vhd     ; yes             ; User VHDL File  ; C:/Users/public1/Lab3-BeachWilliam/PC_Register_BeachWilliam.vhd  ;
; lpm_counter.tdf                  ; yes             ; Megafunction    ; c:/altera/91sp2/quartus/libraries/megafunctions/lpm_counter.tdf  ;
; lpm_add_sub.tdf                  ; yes             ; Megafunction    ; c:/altera/91sp2/quartus/libraries/megafunctions/lpm_add_sub.tdf  ;
; addcore.tdf                      ; yes             ; Megafunction    ; c:/altera/91sp2/quartus/libraries/megafunctions/addcore.tdf      ;
; a_csnbuffer.tdf                  ; yes             ; Megafunction    ; c:/altera/91sp2/quartus/libraries/megafunctions/a_csnbuffer.tdf  ;
; look_add.tdf                     ; yes             ; Megafunction    ; c:/altera/91sp2/quartus/libraries/megafunctions/look_add.tdf     ;
; altshift.tdf                     ; yes             ; Megafunction    ; c:/altera/91sp2/quartus/libraries/megafunctions/altshift.tdf     ;
; lpm_constant.tdf                 ; yes             ; Megafunction    ; c:/altera/91sp2/quartus/libraries/megafunctions/lpm_constant.tdf ;
+----------------------------------+-----------------+-----------------+------------------------------------------------------------------+


+----------------------------------------------------+
; Analysis & Synthesis Resource Usage Summary        ;
+----------------------+-----------------------------+
; Resource             ; Usage                       ;
+----------------------+-----------------------------+
; Logic cells          ; 16                          ;
; Total registers      ; 16                          ;
; I/O pins             ; 36                          ;
; Maximum fan-out node ; lpm_counter:Q_rtl_0|dffs[0] ;
; Maximum fan-out      ; 17                          ;
; Total fan-out        ; 232                         ;
; Average fan-out      ; 4.46                        ;
+----------------------+-----------------------------+


+---------------------------------------------------------------------------------------------------------------+
; Analysis & Synthesis Resource Utilization by Entity                                                           ;
+----------------------------+------------+------+-----------------------------------------------+--------------+
; Compilation Hierarchy Node ; Macrocells ; Pins ; Full Hierarchy Name                           ; Library Name ;
+----------------------------+------------+------+-----------------------------------------------+--------------+
; |PC_Register_BeachWilliam  ; 16         ; 36   ; |PC_Register_BeachWilliam                     ; work         ;
;    |lpm_counter:Q_rtl_0|   ; 16         ; 0    ; |PC_Register_BeachWilliam|lpm_counter:Q_rtl_0 ; work         ;
+----------------------------+------------+------+-----------------------------------------------+--------------+


+-----------------------------------------------+
; Source assignments for lpm_counter:Q_rtl_0    ;
+---------------------------+-------+------+----+
; Assignment                ; Value ; From ; To ;
+---------------------------+-------+------+----+
; SUPPRESS_DA_RULE_INTERNAL ; a101  ; -    ; -  ;
; SUPPRESS_DA_RULE_INTERNAL ; s102  ; -    ; -  ;
; SUPPRESS_DA_RULE_INTERNAL ; s103  ; -    ; -  ;
+---------------------------+-------+------+----+


+---------------------------------------------------------------------------------+
; Source assignments for lpm_counter:Q_rtl_0|lpm_add_sub:add_sub|addcore:adder[1] ;
+---------------------------+-------+------+--------------------------------------+
; Assignment                ; Value ; From ; To                                   ;
+---------------------------+-------+------+--------------------------------------+
; SUPPRESS_DA_RULE_INTERNAL ; A103  ; -    ; -                                    ;
+---------------------------+-------+------+--------------------------------------+


+---------------------------------------------------------------------------------+
; Source assignments for lpm_counter:Q_rtl_0|lpm_add_sub:add_sub|addcore:adder[0] ;
+---------------------------+-------+------+--------------------------------------+
; Assignment                ; Value ; From ; To                                   ;
+---------------------------+-------+------+--------------------------------------+
; SUPPRESS_DA_RULE_INTERNAL ; A103  ; -    ; -                                    ;
+---------------------------+-------+------+--------------------------------------+


+----------------------------------------------------------------------+
; Parameter Settings for Inferred Entity Instance: lpm_counter:Q_rtl_0 ;
+------------------------+-------------------+-------------------------+
; Parameter Name         ; Value             ; Type                    ;
+------------------------+-------------------+-------------------------+
; AUTO_CARRY_CHAINS      ; ON                ; AUTO_CARRY              ;
; IGNORE_CARRY_BUFFERS   ; OFF               ; IGNORE_CARRY            ;
; AUTO_CASCADE_CHAINS    ; ON                ; AUTO_CASCADE            ;
; IGNORE_CASCADE_BUFFERS ; OFF               ; IGNORE_CASCADE          ;
; LPM_WIDTH              ; 16                ; Untyped                 ;
; LPM_DIRECTION          ; UP                ; Untyped                 ;
; LPM_MODULUS            ; 0                 ; Untyped                 ;
; LPM_AVALUE             ; UNUSED            ; Untyped                 ;
; LPM_SVALUE             ; UNUSED            ; Untyped                 ;
; LPM_PORT_UPDOWN        ; PORT_CONNECTIVITY ; Untyped                 ;
; DEVICE_FAMILY          ; MAX3000A          ; Untyped                 ;
; CARRY_CHAIN            ; MANUAL            ; Untyped                 ;
; CARRY_CHAIN_LENGTH     ; 48                ; CARRY_CHAIN_LENGTH      ;
; NOT_GATE_PUSH_BACK     ; ON                ; NOT_GATE_PUSH_BACK      ;
; CARRY_CNT_EN           ; SMART             ; Untyped                 ;
; LABWIDE_SCLR           ; ON                ; Untyped                 ;
; USE_NEW_VERSION        ; TRUE              ; Untyped                 ;
; CBXI_PARAMETER         ; NOTHING           ; Untyped                 ;
+------------------------+-------------------+-------------------------+
Note: In order to hide this table in the UI and the text report file, please set the "Show Parameter Settings Tables in Synthesis Report" option in "Analysis and Synthesis Settings -> More Settings" to "Off".


+-------------------------------+
; Analysis & Synthesis Messages ;
+-------------------------------+
Info: *******************************************************************
Info: Running Quartus II Analysis & Synthesis
    Info: Version 9.1 Build 350 03/24/2010 Service Pack 2 SJ Web Edition
    Info: Processing started: Mon Dec 05 23:37:52 2022
Info: Command: quartus_map --read_settings_files=on --write_settings_files=off PC_Register_BeachWilliam -c PC_Register_BeachWilliam
Info: Found 2 design units, including 1 entities, in source file register_16bit_beachwilliam.vhd
    Info: Found design unit 1: Register_16Bit_BeachWilliam-Behavior
    Info: Found entity 1: Register_16Bit_BeachWilliam
Info: Found 2 design units, including 1 entities, in source file register_1bit_beachwilliam.vhd
    Info: Found design unit 1: Register_1Bit_BeachWilliam-Behavior
    Info: Found entity 1: Register_1Bit_BeachWilliam
Info: Found 2 design units, including 1 entities, in source file pc_register_beachwilliam.vhd
    Info: Found design unit 1: PC_Register_BeachWilliam-Behavior
    Info: Found entity 1: PC_Register_BeachWilliam
Info: Elaborating entity "PC_Register_BeachWilliam" for the top level hierarchy
Info: Inferred 1 megafunctions from design logic
    Info: Inferred lpm_counter megafunction (LPM_WIDTH=16) from the following logic: "Q[0]~0"
Info: Elaborated megafunction instantiation "lpm_counter:Q_rtl_0"
Info: Instantiated megafunction "lpm_counter:Q_rtl_0" with the following parameter:
    Info: Parameter "LPM_WIDTH" = "16"
    Info: Parameter "LPM_DIRECTION" = "UP"
    Info: Parameter "LPM_TYPE" = "LPM_COUNTER"
Info: Elaborated megafunction instantiation "lpm_counter:Q_rtl_0|lpm_add_sub:add_sub", which is child of megafunction instantiation "lpm_counter:Q_rtl_0"
Info: Elaborated megafunction instantiation "lpm_counter:Q_rtl_0|lpm_add_sub:add_sub|addcore:adder[1]", which is child of megafunction instantiation "lpm_counter:Q_rtl_0"
Info: Elaborated megafunction instantiation "lpm_counter:Q_rtl_0|lpm_add_sub:add_sub|addcore:adder[1]|a_csnbuffer:oflow_node", which is child of megafunction instantiation "lpm_counter:Q_rtl_0"
Info: Elaborated megafunction instantiation "lpm_counter:Q_rtl_0|lpm_add_sub:add_sub|addcore:adder[1]|a_csnbuffer:result_node", which is child of megafunction instantiation "lpm_counter:Q_rtl_0"
Info: Elaborated megafunction instantiation "lpm_counter:Q_rtl_0|lpm_add_sub:add_sub|addcore:adder[0]", which is child of megafunction instantiation "lpm_counter:Q_rtl_0"
Info: Elaborated megafunction instantiation "lpm_counter:Q_rtl_0|lpm_add_sub:add_sub|look_add:look_ahead_unit", which is child of megafunction instantiation "lpm_counter:Q_rtl_0"
Info: Elaborated megafunction instantiation "lpm_counter:Q_rtl_0|lpm_add_sub:add_sub|altshift:result_ext_latency_ffs", which is child of megafunction instantiation "lpm_counter:Q_rtl_0"
Info: Elaborated megafunction instantiation "lpm_counter:Q_rtl_0|lpm_add_sub:add_sub|altshift:carry_ext_latency_ffs", which is child of megafunction instantiation "lpm_counter:Q_rtl_0"
Info: Elaborated megafunction instantiation "lpm_counter:Q_rtl_0|lpm_constant:scdw", which is child of megafunction instantiation "lpm_counter:Q_rtl_0"
Info: Ignored 16 buffer(s)
    Info: Ignored 16 SOFT buffer(s)
Info: Promoted pin-driven signal(s) to global signal
    Info: Promoted clock signal driven by pin "CLOCK" to global clock signal
Info: Implemented 52 device resources after synthesis - the final resource count might be different
    Info: Implemented 20 input pins
    Info: Implemented 16 output pins
    Info: Implemented 16 macrocells
Info: Quartus II Analysis & Synthesis was successful. 0 errors, 0 warnings
    Info: Peak virtual memory: 406 megabytes
    Info: Processing ended: Mon Dec 05 23:37:54 2022
    Info: Elapsed time: 00:00:02
    Info: Total CPU time (on all processors): 00:00:02


