Flow report for RAM_8_BeachWilliam
Thu Dec 08 17:15:42 2022
Quartus II Version 9.1 Build 350 03/24/2010 Service Pack 2 SJ Web Edition


---------------------
; Table of Contents ;
---------------------
  1. Legal Notice
  2. Flow Summary
  3. Flow Settings
  4. Flow Non-Default Global Settings
  5. Flow Elapsed Time
  6. Flow OS Summary
  7. Flow Log



----------------
; Legal Notice ;
----------------
Copyright (C) 1991-2010 Altera Corporation
Your use of Altera Corporation's design tools, logic functions 
and other software and tools, and its AMPP partner logic 
functions, and any output files from any of the foregoing 
(including device programming or simulation files), and any 
associated documentation or information are expressly subject 
to the terms and conditions of the Altera Program License 
Subscription Agreement, Altera MegaCore Function License 
Agreement, or other applicable license agreement, including, 
without limitation, that your use is for the sole purpose of 
programming logic devices manufactured by Altera and sold by 
Altera or its authorized distributors.  Please refer to the 
applicable agreement for further details.



+------------------------------------------------------------------------+
; Flow Summary                                                           ;
+-------------------------+----------------------------------------------+
; Flow Status             ; Successful - Thu Dec 08 17:15:42 2022        ;
; Quartus II Version      ; 9.1 Build 350 03/24/2010 SP 2 SJ Web Edition ;
; Revision Name           ; RAM_8_BeachWilliam                           ;
; Top-level Entity Name   ; RAM_8_BeachWilliam                           ;
; Family                  ; MAX3000A                                     ;
; Device                  ; EPM3256AQC208-7                              ;
; Timing Models           ; Final                                        ;
; Met timing requirements ; Yes                                          ;
; Total macrocells        ; 160 / 256 ( 63 % )                           ;
; Total pins              ; 41 / 158 ( 26 % )                            ;
+-------------------------+----------------------------------------------+


+-----------------------------------------+
; Flow Settings                           ;
+-------------------+---------------------+
; Option            ; Setting             ;
+-------------------+---------------------+
; Start date & time ; 12/08/2022 17:15:36 ;
; Main task         ; Compilation         ;
; Revision Name     ; RAM_8_BeachWilliam  ;
+-------------------+---------------------+


+------------------------------------------------------------------------------------------------------------------+
; Flow Non-Default Global Settings                                                                                 ;
+------------------------------------+------------------------------+---------------+-------------+----------------+
; Assignment Name                    ; Value                        ; Default Value ; Entity Name ; Section Id     ;
+------------------------------------+------------------------------+---------------+-------------+----------------+
; COMPILER_SIGNATURE_ID              ; 121374751804.167053773601664 ; --            ; --          ; --             ;
; USE_GENERATED_PHYSICAL_CONSTRAINTS ; Off                          ; --            ; --          ; eda_blast_fpga ;
+------------------------------------+------------------------------+---------------+-------------+----------------+


+-----------------------------------------------------------------------------------------------------------------------------+
; Flow Elapsed Time                                                                                                           ;
+-------------------------+--------------+-------------------------+---------------------+------------------------------------+
; Module Name             ; Elapsed Time ; Average Processors Used ; Peak Virtual Memory ; Total CPU Time (on all processors) ;
+-------------------------+--------------+-------------------------+---------------------+------------------------------------+
; Analysis & Synthesis    ; 00:00:02     ; 1.0                     ; 399 MB              ; 00:00:03                           ;
; Fitter                  ; 00:00:01     ; 1.0                     ; 359 MB              ; 00:00:01                           ;
; Assembler               ; 00:00:00     ; 1.0                     ; 355 MB              ; 00:00:00                           ;
; Classic Timing Analyzer ; 00:00:00     ; 1.0                     ; 326 MB              ; 00:00:00                           ;
; Total                   ; 00:00:03     ; --                      ; --                  ; 00:00:04                           ;
+-------------------------+--------------+-------------------------+---------------------+------------------------------------+


+------------------------------------------------------------------------------------------+
; Flow OS Summary                                                                          ;
+-------------------------+------------------+---------------+------------+----------------+
; Module Name             ; Machine Hostname ; OS Name       ; OS Version ; Processor type ;
+-------------------------+------------------+---------------+------------+----------------+
; Analysis & Synthesis    ; PUBLIC6A9E       ; Windows Vista ; 6.2        ; x86_64         ;
; Fitter                  ; PUBLIC6A9E       ; Windows Vista ; 6.2        ; x86_64         ;
; Assembler               ; PUBLIC6A9E       ; Windows Vista ; 6.2        ; x86_64         ;
; Classic Timing Analyzer ; PUBLIC6A9E       ; Windows Vista ; 6.2        ; x86_64         ;
+-------------------------+------------------+---------------+------------+----------------+


------------
; Flow Log ;
------------
quartus_map --read_settings_files=on --write_settings_files=off RAM_8_BeachWilliam -c RAM_8_BeachWilliam
quartus_fit --read_settings_files=off --write_settings_files=off RAM_8_BeachWilliam -c RAM_8_BeachWilliam
quartus_asm --read_settings_files=off --write_settings_files=off RAM_8_BeachWilliam -c RAM_8_BeachWilliam
quartus_tan --read_settings_files=off --write_settings_files=off RAM_8_BeachWilliam -c RAM_8_BeachWilliam



